4 1 13 16
14 15 3 2
7 6 10 11
9 12 8 5

4 1 13 16
14 15 3 2
11 10 6 7
5 8 12 9

4 1 13 16
15 14 2 3
6 7 11 10
9 12 8 5

4 1 13 16
15 14 2 3
10 11 7 6
5 8 12 9

4 1 14 15
13 16 3 2
7 6 9 12
10 11 8 5

4 1 14 15
13 16 3 2
11 10 5 8
6 7 12 9

4 1 14 15
16 13 2 3
5 8 11 10
9 12 7 6

4 1 14 15
16 13 2 3
9 12 7 6
5 8 11 10

4 1 15 14
13 16 2 3
6 7 9 12
11 10 8 5

4 1 15 14
13 16 2 3
10 11 5 8
7 6 12 9

4 1 15 14
16 13 3 2
5 8 10 11
9 12 6 7

4 1 15 14
16 13 3 2
9 12 6 7
5 8 10 11

4 1 16 13
14 15 2 3
5 8 9 12
11 10 7 6

4 1 16 13
14 15 2 3
9 12 5 8
7 6 11 10

4 1 16 13
15 14 3 2
5 8 9 12
10 11 6 7

4 1 16 13
15 14 3 2
9 12 5 8
6 7 10 11

6 1 11 16
12 15 5 2
7 4 10 13
9 14 8 3

6 1 11 16
12 15 5 2
13 10 4 7
3 8 14 9

6 1 11 16
15 12 2 5
4 7 13 10
9 14 8 3

6 1 11 16
15 12 2 5
10 13 7 4
3 8 14 9

6 1 12 15
11 16 5 2
7 4 9 14
10 13 8 3

6 1 12 15
11 16 5 2
13 10 3 8
4 7 14 9

6 1 12 15
16 11 2 5
3 8 13 10
9 14 7 4

6 1 12 15
16 11 2 5
9 14 7 4
3 8 13 10

6 1 15 12
11 16 2 5
4 7 9 14
13 10 8 3

6 1 15 12
11 16 2 5
10 13 3 8
7 4 14 9

6 1 15 12
16 11 5 2
3 8 10 13
9 14 4 7

6 1 15 12
16 11 5 2
9 14 4 7
3 8 10 13

6 1 16 11
12 15 2 5
3 8 9 14
13 10 7 4

6 1 16 11
12 15 2 5
9 14 3 8
7 4 13 10

6 1 16 11
15 12 5 2
3 8 9 14
10 13 4 7

6 1 16 11
15 12 5 2
9 14 3 8
4 7 10 13

7 1 10 16
12 14 5 3
6 4 11 13
9 15 8 2

7 1 10 16
12 14 5 3
13 11 4 6
2 8 15 9

7 1 10 16
14 12 3 5
4 6 13 11
9 15 8 2

7 1 10 16
14 12 3 5
11 13 6 4
2 8 15 9

7 1 12 14
10 16 5 3
6 4 9 15
11 13 8 2

7 1 12 14
10 16 5 3
13 11 2 8
4 6 15 9

7 1 12 14
16 10 3 5
2 8 13 11
9 15 6 4

7 1 12 14
16 10 3 5
9 15 6 4
2 8 13 11

7 1 14 12
10 16 3 5
4 6 9 15
13 11 8 2

7 1 14 12
10 16 3 5
11 13 2 8
6 4 15 9

7 1 14 12
16 10 5 3
2 8 11 13
9 15 4 6

7 1 14 12
16 10 5 3
9 15 4 6
2 8 11 13

7 1 16 10
12 14 3 5
2 8 9 15
13 11 6 4

7 1 16 10
12 14 3 5
9 15 2 8
6 4 13 11

7 1 16 10
14 12 5 3
2 8 9 15
11 13 4 6

7 1 16 10
14 12 5 3
9 15 2 8
4 6 11 13

8 1 10 15
11 14 5 4
13 12 3 6
2 7 16 9

8 1 10 15
12 13 6 3
5 4 11 14
9 16 7 2

8 1 10 15
13 12 3 6
11 14 5 4
2 7 16 9

8 1 10 15
14 11 4 5
3 6 13 12
9 16 7 2

8 1 11 14
10 15 5 4
13 12 2 7
3 6 16 9

8 1 11 14
12 13 7 2
5 4 10 15
9 16 6 3

8 1 11 14
13 12 2 7
10 15 5 4
3 6 16 9

8 1 11 14
15 10 4 5
2 7 13 12
9 16 6 3

8 1 12 13
10 15 6 3
5 4 9 16
11 14 7 2

8 1 12 13
11 14 7 2
5 4 9 16
10 15 6 3

8 1 12 13
14 11 2 7
9 16 5 4
3 6 15 10

8 1 12 13
15 10 3 6
9 16 5 4
2 7 14 11

8 1 13 12
10 15 3 6
11 14 2 7
5 4 16 9

8 1 13 12
11 14 2 7
10 15 3 6
5 4 16 9

8 1 13 12
14 11 7 2
3 6 10 15
9 16 4 5

8 1 13 12
15 10 6 3
2 7 11 14
9 16 4 5

8 1 14 11
10 15 4 5
3 6 9 16
13 12 7 2

8 1 14 11
12 13 2 7
9 16 3 6
5 4 15 10

8 1 14 11
13 12 7 2
3 6 9 16
10 15 4 5

8 1 14 11
15 10 5 4
9 16 3 6
2 7 12 13

8 1 15 10
11 14 4 5
2 7 9 16
13 12 6 3

8 1 15 10
12 13 3 6
9 16 2 7
5 4 14 11

8 1 15 10
13 12 6 3
2 7 9 16
11 14 4 5

8 1 15 10
14 11 5 4
9 16 2 7
3 6 12 13

10 1 7 16
8 15 9 2
11 4 6 13
5 14 12 3

10 1 7 16
8 15 9 2
13 6 4 11
3 12 14 5

10 1 7 16
15 8 2 9
4 11 13 6
5 14 12 3

10 1 7 16
15 8 2 9
6 13 11 4
3 12 14 5

10 1 8 15
7 16 9 2
11 4 5 14
6 13 12 3

10 1 8 15
7 16 9 2
13 6 3 12
4 11 14 5

10 1 8 15
16 7 2 9
3 12 13 6
5 14 11 4

10 1 8 15
16 7 2 9
5 14 11 4
3 12 13 6

10 1 15 8
7 16 2 9
4 11 5 14
13 6 12 3

10 1 15 8
7 16 2 9
6 13 3 12
11 4 14 5

10 1 15 8
16 7 9 2
3 12 6 13
5 14 4 11

10 1 15 8
16 7 9 2
5 14 4 11
3 12 6 13

10 1 16 7
8 15 2 9
3 12 5 14
13 6 11 4

10 1 16 7
8 15 2 9
5 14 3 12
11 4 13 6

10 1 16 7
15 8 9 2
3 12 5 14
6 13 4 11

10 1 16 7
15 8 9 2
5 14 3 12
4 11 6 13

11 1 6 16
8 14 9 3
10 4 7 13
5 15 12 2

11 1 6 16
8 14 9 3
13 7 4 10
2 12 15 5

11 1 6 16
14 8 3 9
4 10 13 7
5 15 12 2

11 1 6 16
14 8 3 9
7 13 10 4
2 12 15 5

11 1 8 14
6 16 9 3
10 4 5 15
7 13 12 2

11 1 8 14
6 16 9 3
13 7 2 12
4 10 15 5

11 1 8 14
16 6 3 9
2 12 13 7
5 15 10 4

11 1 8 14
16 6 3 9
5 15 10 4
2 12 13 7

11 1 14 8
6 16 3 9
4 10 5 15
13 7 12 2

11 1 14 8
6 16 3 9
7 13 2 12
10 4 15 5

11 1 14 8
16 6 9 3
2 12 7 13
5 15 4 10

11 1 14 8
16 6 9 3
5 15 4 10
2 12 7 13

11 1 16 6
8 14 3 9
2 12 5 15
13 7 10 4

11 1 16 6
8 14 3 9
5 15 2 12
10 4 13 7

11 1 16 6
14 8 9 3
2 12 5 15
7 13 4 10

11 1 16 6
14 8 9 3
5 15 2 12
4 10 7 13

12 1 6 15
7 14 9 4
13 8 3 10
2 11 16 5

12 1 6 15
8 13 10 3
9 4 7 14
5 16 11 2

12 1 6 15
13 8 3 10
7 14 9 4
2 11 16 5

12 1 6 15
14 7 4 9
3 10 13 8
5 16 11 2

12 1 7 14
6 15 9 4
13 8 2 11
3 10 16 5

12 1 7 14
8 13 11 2
9 4 6 15
5 16 10 3

12 1 7 14
13 8 2 11
6 15 9 4
3 10 16 5

12 1 7 14
15 6 4 9
2 11 13 8
5 16 10 3

12 1 8 13
6 15 10 3
9 4 5 16
7 14 11 2

12 1 8 13
7 14 11 2
9 4 5 16
6 15 10 3

12 1 8 13
14 7 2 11
5 16 9 4
3 10 15 6

12 1 8 13
15 6 3 10
5 16 9 4
2 11 14 7

12 1 13 8
6 15 3 10
7 14 2 11
9 4 16 5

12 1 13 8
7 14 2 11
6 15 3 10
9 4 16 5

12 1 13 8
14 7 11 2
3 10 6 15
5 16 4 9

12 1 13 8
15 6 10 3
2 11 7 14
5 16 4 9

12 1 14 7
6 15 4 9
3 10 5 16
13 8 11 2

12 1 14 7
8 13 2 11
5 16 3 10
9 4 15 6

12 1 14 7
13 8 11 2
3 10 5 16
6 15 4 9

12 1 14 7
15 6 9 4
5 16 3 10
2 11 8 13

12 1 15 6
7 14 4 9
2 11 5 16
13 8 10 3

12 1 15 6
8 13 3 10
5 16 2 11
9 4 14 7

12 1 15 6
13 8 10 3
2 11 5 16
7 14 4 9

12 1 15 6
14 7 9 4
5 16 2 11
3 10 8 13

13 1 4 16
8 12 9 5
10 6 7 11
3 15 14 2

13 1 4 16
8 12 9 5
11 7 6 10
2 14 15 3

13 1 4 16
12 8 5 9
6 10 11 7
3 15 14 2

13 1 4 16
12 8 5 9
7 11 10 6
2 14 15 3

13 1 8 12
4 16 9 5
10 6 3 15
7 11 14 2

13 1 8 12
4 16 9 5
11 7 2 14
6 10 15 3

13 1 8 12
16 4 5 9
2 14 11 7
3 15 10 6

13 1 8 12
16 4 5 9
3 15 10 6
2 14 11 7

13 1 12 8
4 16 5 9
6 10 3 15
11 7 14 2

13 1 12 8
4 16 5 9
7 11 2 14
10 6 15 3

13 1 12 8
16 4 9 5
2 14 7 11
3 15 6 10

13 1 12 8
16 4 9 5
3 15 6 10
2 14 7 11

13 1 16 4
8 12 5 9
2 14 3 15
11 7 10 6

13 1 16 4
8 12 5 9
3 15 2 14
10 6 11 7

13 1 16 4
12 8 9 5
2 14 3 15
7 11 6 10

13 1 16 4
12 8 9 5
3 15 2 14
6 10 7 11

14 1 4 15
7 12 9 6
11 8 5 10
2 13 16 3

14 1 4 15
8 11 10 5
9 6 7 12
3 16 13 2

14 1 4 15
11 8 5 10
7 12 9 6
2 13 16 3

14 1 4 15
12 7 6 9
5 10 11 8
3 16 13 2

14 1 7 12
4 15 9 6
11 8 2 13
5 10 16 3

14 1 7 12
8 11 13 2
9 6 4 15
3 16 10 5

14 1 7 12
11 8 2 13
4 15 9 6
5 10 16 3

14 1 7 12
15 4 6 9
2 13 11 8
3 16 10 5

14 1 8 11
4 15 10 5
9 6 3 16
7 12 13 2

14 1 8 11
7 12 13 2
9 6 3 16
4 15 10 5

14 1 8 11
12 7 2 13
3 16 9 6
5 10 15 4

14 1 8 11
15 4 5 10
3 16 9 6
2 13 12 7

14 1 11 8
4 15 5 10
7 12 2 13
9 6 16 3

14 1 11 8
7 12 2 13
4 15 5 10
9 6 16 3

14 1 11 8
12 7 13 2
5 10 4 15
3 16 6 9

14 1 11 8
15 4 10 5
2 13 7 12
3 16 6 9

14 1 12 7
4 15 6 9
5 10 3 16
11 8 13 2

14 1 12 7
8 11 2 13
3 16 5 10
9 6 15 4

14 1 12 7
11 8 13 2
5 10 3 16
4 15 6 9

14 1 12 7
15 4 9 6
3 16 5 10
2 13 8 11

14 1 15 4
7 12 6 9
2 13 3 16
11 8 10 5

14 1 15 4
8 11 5 10
3 16 2 13
9 6 12 7

14 1 15 4
11 8 10 5
2 13 3 16
7 12 6 9

14 1 15 4
12 7 9 6
3 16 2 13
5 10 8 11

15 1 4 14
6 12 9 7
10 8 5 11
3 13 16 2

15 1 4 14
8 10 11 5
9 7 6 12
2 16 13 3

15 1 4 14
10 8 5 11
6 12 9 7
3 13 16 2

15 1 4 14
12 6 7 9
5 11 10 8
2 16 13 3

15 1 6 12
4 14 9 7
10 8 3 13
5 11 16 2

15 1 6 12
8 10 13 3
9 7 4 14
2 16 11 5

15 1 6 12
10 8 3 13
4 14 9 7
5 11 16 2

15 1 6 12
14 4 7 9
3 13 10 8
2 16 11 5

15 1 8 10
4 14 11 5
9 7 2 16
6 12 13 3

15 1 8 10
6 12 13 3
9 7 2 16
4 14 11 5

15 1 8 10
12 6 3 13
2 16 9 7
5 11 14 4

15 1 8 10
14 4 5 11
2 16 9 7
3 13 12 6

15 1 10 8
4 14 5 11
6 12 3 13
9 7 16 2

15 1 10 8
6 12 3 13
4 14 5 11
9 7 16 2

15 1 10 8
12 6 13 3
5 11 4 14
2 16 7 9

15 1 10 8
14 4 11 5
3 13 6 12
2 16 7 9

15 1 12 6
4 14 7 9
5 11 2 16
10 8 13 3

15 1 12 6
8 10 3 13
2 16 5 11
9 7 14 4

15 1 12 6
10 8 13 3
5 11 2 16
4 14 7 9

15 1 12 6
14 4 9 7
2 16 5 11
3 13 8 10

15 1 14 4
6 12 7 9
3 13 2 16
10 8 11 5

15 1 14 4
8 10 5 11
2 16 3 13
9 7 12 6

15 1 14 4
10 8 11 5
3 13 2 16
6 12 7 9

15 1 14 4
12 6 9 7
2 16 3 13
5 11 8 10

16 1 4 13
6 11 10 7
9 8 5 12
3 14 15 2

16 1 4 13
7 10 11 6
9 8 5 12
2 15 14 3

16 1 4 13
10 7 6 11
5 12 9 8
3 14 15 2

16 1 4 13
11 6 7 10
5 12 9 8
2 15 14 3

16 1 6 11
4 13 10 7
9 8 3 14
5 12 15 2

16 1 6 11
7 10 13 4
9 8 3 14
2 15 12 5

16 1 6 11
10 7 4 13
3 14 9 8
5 12 15 2

16 1 6 11
13 4 7 10
3 14 9 8
2 15 12 5

16 1 7 10
4 13 11 6
9 8 2 15
5 12 14 3

16 1 7 10
6 11 13 4
9 8 2 15
3 14 12 5

16 1 7 10
11 6 4 13
2 15 9 8
5 12 14 3

16 1 7 10
13 4 6 11
2 15 9 8
3 14 12 5

16 1 10 7
4 13 6 11
5 12 3 14
9 8 15 2

16 1 10 7
6 11 4 13
3 14 5 12
9 8 15 2

16 1 10 7
11 6 13 4
5 12 3 14
2 15 8 9

16 1 10 7
13 4 11 6
3 14 5 12
2 15 8 9

16 1 11 6
4 13 7 10
5 12 2 15
9 8 14 3

16 1 11 6
7 10 4 13
2 15 5 12
9 8 14 3

16 1 11 6
10 7 13 4
5 12 2 15
3 14 8 9

16 1 11 6
13 4 10 7
2 15 5 12
3 14 8 9

16 1 13 4
6 11 7 10
3 14 2 15
9 8 12 5

16 1 13 4
7 10 6 11
2 15 3 14
9 8 12 5

16 1 13 4
10 7 11 6
3 14 2 15
5 12 8 9

16 1 13 4
11 6 10 7
2 15 3 14
5 12 8 9
