2 7 9 16
12 13 3 6
15 10 8 1
5 4 14 11

2 7 9 16
14 11 5 4
15 10 8 1
3 6 12 13

2 7 11 14
16 9 5 4
13 12 8 1
3 6 10 15

2 7 13 12
16 9 3 6
11 14 8 1
5 4 10 15

2 8 9 15
11 13 4 6
16 10 7 1
5 3 14 12

2 8 9 15
13 11 6 4
16 10 7 1
3 5 12 14

2 8 11 13
15 9 6 4
14 12 7 1
3 5 10 16

2 8 13 11
15 9 4 6
12 14 7 1
5 3 10 16

2 11 5 16
8 13 3 10
15 6 12 1
9 4 14 7

2 11 5 16
14 7 9 4
15 6 12 1
3 10 8 13

2 11 7 14
16 5 9 4
13 8 12 1
3 10 6 15

2 11 13 8
16 5 3 10
7 14 12 1
9 4 6 15

2 12 5 15
7 13 4 10
16 6 11 1
9 3 14 8

2 12 5 15
13 7 10 4
16 6 11 1
3 9 8 14

2 12 7 13
15 5 10 4
14 8 11 1
3 9 6 16

2 12 13 7
15 5 4 10
8 14 11 1
9 3 6 16

2 13 3 16
8 11 5 10
15 4 14 1
9 6 12 7

2 13 3 16
12 7 9 6
15 4 14 1
5 10 8 11

2 13 7 12
16 3 9 6
11 8 14 1
5 10 4 15

2 13 11 8
16 3 5 10
7 12 14 1
9 6 4 15

2 14 3 15
7 11 6 10
16 4 13 1
9 5 12 8

2 14 3 15
11 7 10 6
16 4 13 1
5 9 8 12

2 14 7 11
15 3 10 6
12 8 13 1
5 9 4 16

2 14 11 7
15 3 6 10
8 12 13 1
9 5 4 16

2 15 3 14
8 9 5 12
13 4 16 1
11 6 10 7

2 15 3 14
12 5 9 8
13 4 16 1
7 10 6 11

2 15 5 12
8 9 3 14
11 6 16 1
13 4 10 7

2 15 5 12
14 3 9 8
11 6 16 1
7 10 4 13

2 15 9 8
12 5 3 14
7 10 16 1
13 4 6 11

2 15 9 8
14 3 5 12
7 10 16 1
11 6 4 13

2 16 3 13
7 9 6 12
14 4 15 1
11 5 10 8

2 16 3 13
11 5 10 8
14 4 15 1
7 9 6 12

2 16 5 11
7 9 4 14
12 6 15 1
13 3 10 8

2 16 5 11
13 3 10 8
12 6 15 1
7 9 4 14

2 16 9 7
11 5 4 14
8 10 15 1
13 3 6 12

2 16 9 7
13 3 6 12
8 10 15 1
11 5 4 14

3 6 9 16
12 13 2 7
14 11 8 1
5 4 15 10

3 6 9 16
15 10 5 4
14 11 8 1
2 7 12 13

3 6 10 15
16 9 5 4
13 12 8 1
2 7 11 14

3 6 13 12
16 9 2 7
10 15 8 1
5 4 11 14

3 8 9 14
10 13 4 7
16 11 6 1
5 2 15 12

3 8 9 14
13 10 7 4
16 11 6 1
2 5 12 15

3 8 10 13
14 9 7 4
15 12 6 1
2 5 11 16

3 8 13 10
14 9 4 7
12 15 6 1
5 2 11 16

3 10 5 16
8 13 2 11
14 7 12 1
9 4 15 6

3 10 5 16
15 6 9 4
14 7 12 1
2 11 8 13

3 10 6 15
16 5 9 4
13 8 12 1
2 11 7 14

3 10 13 8
16 5 2 11
6 15 12 1
9 4 7 14

3 12 5 14
6 13 4 11
16 7 10 1
9 2 15 8

3 12 5 14
13 6 11 4
16 7 10 1
2 9 8 15

3 12 6 13
14 5 11 4
15 8 10 1
2 9 7 16

3 12 13 6
14 5 4 11
8 15 10 1
9 2 7 16

3 13 2 16
8 10 5 11
14 4 15 1
9 7 12 6

3 13 2 16
12 6 9 7
14 4 15 1
5 11 8 10

3 13 6 12
16 2 9 7
10 8 15 1
5 11 4 14

3 13 10 8
16 2 5 11
6 12 15 1
9 7 4 14

3 14 2 15
8 9 5 12
13 4 16 1
10 7 11 6

3 14 2 15
12 5 9 8
13 4 16 1
6 11 7 10

3 14 5 12
8 9 2 15
10 7 16 1
13 4 11 6

3 14 5 12
15 2 9 8
10 7 16 1
6 11 4 13

3 14 9 8
12 5 2 15
6 11 16 1
13 4 7 10

3 14 9 8
15 2 5 12
6 11 16 1
10 7 4 13

3 15 2 14
6 10 7 11
16 4 13 1
9 5 12 8

3 15 2 14
10 6 11 7
16 4 13 1
5 9 8 12

3 15 6 10
14 2 11 7
12 8 13 1
5 9 4 16

3 15 10 6
14 2 7 11
8 12 13 1
9 5 4 16

3 16 2 13
6 9 7 12
15 4 14 1
10 5 11 8

3 16 2 13
10 5 11 8
15 4 14 1
6 9 7 12

3 16 5 10
6 9 4 15
12 7 14 1
13 2 11 8

3 16 5 10
13 2 11 8
12 7 14 1
6 9 4 15

3 16 9 6
10 5 4 15
8 11 14 1
13 2 7 12

3 16 9 6
13 2 7 12
8 11 14 1
10 5 4 15

4 6 9 15
11 13 2 8
14 12 7 1
5 3 16 10

4 6 13 11
15 9 2 8
10 16 7 1
5 3 12 14

4 7 9 14
10 13 3 8
15 12 6 1
5 2 16 11

4 7 13 10
14 9 3 8
11 16 6 1
5 2 12 15

4 10 5 15
7 13 2 12
14 8 11 1
9 3 16 6

4 10 13 7
15 5 2 12
6 16 11 1
9 3 8 14

4 11 5 14
6 13 3 12
15 8 10 1
9 2 16 7

4 11 13 6
14 5 3 12
7 16 10 1
9 2 8 15

4 14 5 11
7 9 2 16
10 8 15 1
13 3 12 6

4 14 9 7
11 5 2 16
6 12 15 1
13 3 8 10

4 15 5 10
6 9 3 16
11 8 14 1
13 2 12 7

4 15 9 6
10 5 3 16
7 12 14 1
13 2 8 11

5 4 9 16
14 11 2 7
12 13 8 1
3 6 15 10

5 4 9 16
15 10 3 6
12 13 8 1
2 7 14 11

5 4 10 15
16 9 3 6
11 14 8 1
2 7 13 12

5 4 11 14
16 9 2 7
10 15 8 1
3 6 13 12

5 8 9 12
10 11 6 7
16 13 4 1
3 2 15 14

5 8 9 12
11 10 7 6
16 13 4 1
2 3 14 15

5 8 10 11
12 9 7 6
15 14 4 1
2 3 13 16

5 8 11 10
12 9 6 7
14 15 4 1
3 2 13 16

5 10 3 16
8 11 2 13
12 7 14 1
9 6 15 4

5 10 3 16
15 4 9 6
12 7 14 1
2 13 8 11

5 10 4 15
16 3 9 6
11 8 14 1
2 13 7 12

5 10 11 8
16 3 2 13
4 15 14 1
9 6 7 12

5 11 2 16
8 10 3 13
12 6 15 1
9 7 14 4

5 11 2 16
14 4 9 7
12 6 15 1
3 13 8 10

5 11 4 14
16 2 9 7
10 8 15 1
3 13 6 12

5 11 10 8
16 2 3 13
4 14 15 1
9 7 6 12

5 12 2 15
8 9 3 14
11 6 16 1
10 7 13 4

5 12 2 15
14 3 9 8
11 6 16 1
4 13 7 10

5 12 3 14
8 9 2 15
10 7 16 1
11 6 13 4

5 12 3 14
15 2 9 8
10 7 16 1
4 13 6 11

5 12 9 8
14 3 2 15
4 13 16 1
11 6 7 10

5 12 9 8
15 2 3 14
4 13 16 1
10 7 6 11

5 14 3 12
4 11 6 13
16 7 10 1
9 2 15 8

5 14 3 12
11 4 13 6
16 7 10 1
2 9 8 15

5 14 4 11
12 3 13 6
15 8 10 1
2 9 7 16

5 14 11 4
12 3 6 13
8 15 10 1
9 2 7 16

5 15 2 12
4 10 7 13
16 6 11 1
9 3 14 8

5 15 2 12
10 4 13 7
16 6 11 1
3 9 8 14

5 15 4 10
12 2 13 7
14 8 11 1
3 9 6 16

5 15 10 4
12 2 7 13
8 14 11 1
9 3 6 16

5 16 2 11
4 9 7 14
15 6 12 1
10 3 13 8

5 16 2 11
10 3 13 8
15 6 12 1
4 9 7 14

5 16 3 10
4 9 6 15
14 7 12 1
11 2 13 8

5 16 3 10
11 2 13 8
14 7 12 1
4 9 6 15

5 16 9 4
10 3 6 15
8 13 12 1
11 2 7 14

5 16 9 4
11 2 7 14
8 13 12 1
10 3 6 15

6 4 9 15
13 11 2 8
12 14 7 1
3 5 16 10

6 4 11 13
15 9 2 8
10 16 7 1
3 5 14 12

6 7 9 12
10 11 5 8
15 14 4 1
3 2 16 13

6 7 11 10
12 9 5 8
13 16 4 1
3 2 14 15

6 10 3 15
7 11 2 14
12 8 13 1
9 5 16 4

6 10 11 7
15 3 2 14
4 16 13 1
9 5 8 12

6 12 3 13
7 9 2 16
10 8 15 1
11 5 14 4

6 12 9 7
13 3 2 16
4 14 15 1
11 5 8 10

6 13 3 12
4 11 5 14
15 8 10 1
9 2 16 7

6 13 11 4
12 3 5 14
7 16 10 1
9 2 8 15

6 15 3 10
4 9 5 16
13 8 12 1
11 2 14 7

6 15 9 4
10 3 5 16
7 14 12 1
11 2 8 13

7 4 9 14
13 10 3 8
12 15 6 1
2 5 16 11

7 4 10 13
14 9 3 8
11 16 6 1
2 5 15 12

7 6 9 12
11 10 5 8
14 15 4 1
2 3 16 13

7 6 10 11
12 9 5 8
13 16 4 1
2 3 15 14

7 11 2 14
6 10 3 15
12 8 13 1
9 5 16 4

7 11 10 6
14 2 3 15
4 16 13 1
9 5 8 12

7 12 2 13
6 9 3 16
11 8 14 1
10 5 15 4

7 12 9 6
13 2 3 16
4 15 14 1
10 5 8 11

7 13 2 12
4 10 5 15
14 8 11 1
9 3 16 6

7 13 10 4
12 2 5 15
6 16 11 1
9 3 8 14

7 14 2 11
4 9 5 16
13 8 12 1
10 3 15 6

7 14 9 4
11 2 5 16
6 15 12 1
10 3 8 13

9 4 5 16
14 7 2 11
8 13 12 1
3 10 15 6

9 4 5 16
15 6 3 10
8 13 12 1
2 11 14 7

9 4 6 15
16 5 3 10
7 14 12 1
2 11 13 8

9 4 7 14
16 5 2 11
6 15 12 1
3 10 13 8

9 6 3 16
12 7 2 13
8 11 14 1
5 10 15 4

9 6 3 16
15 4 5 10
8 11 14 1
2 13 12 7

9 6 4 15
16 3 5 10
7 12 14 1
2 13 11 8

9 6 7 12
16 3 2 13
4 15 14 1
5 10 11 8

9 7 2 16
12 6 3 13
8 10 15 1
5 11 14 4

9 7 2 16
14 4 5 11
8 10 15 1
3 13 12 6

9 7 4 14
16 2 5 11
6 12 15 1
3 13 10 8

9 7 6 12
16 2 3 13
4 14 15 1
5 11 10 8

9 8 2 15
12 5 3 14
7 10 16 1
6 11 13 4

9 8 2 15
14 3 5 12
7 10 16 1
4 13 11 6

9 8 3 14
12 5 2 15
6 11 16 1
7 10 13 4

9 8 3 14
15 2 5 12
6 11 16 1
4 13 10 7

9 8 5 12
14 3 2 15
4 13 16 1
7 10 11 6

9 8 5 12
15 2 3 14
4 13 16 1
6 11 10 7

9 12 5 8
6 7 10 11
16 13 4 1
3 2 15 14

9 12 5 8
7 6 11 10
16 13 4 1
2 3 14 15

9 12 6 7
8 5 11 10
15 14 4 1
2 3 13 16

9 12 7 6
8 5 10 11
14 15 4 1
3 2 13 16

9 14 3 8
4 7 10 13
16 11 6 1
5 2 15 12

9 14 3 8
7 4 13 10
16 11 6 1
2 5 12 15

9 14 4 7
8 3 13 10
15 12 6 1
2 5 11 16

9 14 7 4
8 3 10 13
12 15 6 1
5 2 11 16

9 15 2 8
4 6 11 13
16 10 7 1
5 3 14 12

9 15 2 8
6 4 13 11
16 10 7 1
3 5 12 14

9 15 4 6
8 2 13 11
14 12 7 1
3 5 10 16

9 15 6 4
8 2 11 13
12 14 7 1
5 3 10 16

9 16 2 7
4 5 11 14
15 10 8 1
6 3 13 12

9 16 2 7
6 3 13 12
15 10 8 1
4 5 11 14

9 16 3 6
4 5 10 15
14 11 8 1
7 2 13 12

9 16 3 6
7 2 13 12
14 11 8 1
4 5 10 15

9 16 5 4
6 3 10 15
12 13 8 1
7 2 11 14

9 16 5 4
7 2 11 14
12 13 8 1
6 3 10 15

10 4 5 15
13 7 2 12
8 14 11 1
3 9 16 6

10 4 7 13
15 5 2 12
6 16 11 1
3 9 14 8

10 6 3 15
11 7 2 14
8 12 13 1
5 9 16 4

10 6 7 11
15 3 2 14
4 16 13 1
5 9 12 8

10 8 3 13
11 5 2 16
6 12 15 1
7 9 14 4

10 8 5 11
13 3 2 16
4 14 15 1
7 9 12 6

10 11 5 8
6 7 9 12
15 14 4 1
3 2 16 13

10 11 7 6
8 5 9 12
13 16 4 1
3 2 14 15

10 13 3 8
4 7 9 14
15 12 6 1
5 2 16 11

10 13 7 4
8 3 9 14
11 16 6 1
5 2 12 15

10 15 3 6
4 5 9 16
13 12 8 1
7 2 14 11

10 15 5 4
6 3 9 16
11 14 8 1
7 2 12 13

11 4 5 14
13 6 3 12
8 15 10 1
2 9 16 7

11 4 6 13
14 5 3 12
7 16 10 1
2 9 15 8

11 7 2 14
10 6 3 15
8 12 13 1
5 9 16 4

11 7 6 10
14 2 3 15
4 16 13 1
5 9 12 8

11 8 2 13
10 5 3 16
7 12 14 1
6 9 15 4

11 8 5 10
13 2 3 16
4 15 14 1
6 9 12 7

11 10 5 8
7 6 9 12
14 15 4 1
2 3 16 13

11 10 6 7
8 5 9 12
13 16 4 1
2 3 15 14

11 13 2 8
4 6 9 15
14 12 7 1
5 3 16 10

11 13 6 4
8 2 9 15
10 16 7 1
5 3 12 14

11 14 2 7
4 5 9 16
13 12 8 1
6 3 15 10

11 14 5 4
7 2 9 16
10 15 8 1
6 3 12 13

13 6 3 12
11 4 5 14
8 15 10 1
2 9 16 7

13 6 4 11
12 3 5 14
7 16 10 1
2 9 15 8

13 7 2 12
10 4 5 15
8 14 11 1
3 9 16 6

13 7 4 10
12 2 5 15
6 16 11 1
3 9 14 8

13 8 2 11
10 3 5 16
7 14 12 1
4 9 15 6

13 8 3 10
11 2 5 16
6 15 12 1
4 9 14 7

13 10 3 8
7 4 9 14
12 15 6 1
2 5 16 11

13 10 4 7
8 3 9 14
11 16 6 1
2 5 15 12

13 11 2 8
6 4 9 15
12 14 7 1
3 5 16 10

13 11 4 6
8 2 9 15
10 16 7 1
3 5 14 12

13 12 2 7
6 3 9 16
11 14 8 1
4 5 15 10

13 12 3 6
7 2 9 16
10 15 8 1
4 5 14 11
