0
-289
47
205
292
67
355
90
32
-166
267
307
246
247
234
-217
37
-237
-139
136
-275
-17
225
321
33
121
-136
-364
-124
-122
-268
194
37
-252
-120
-340
-188
-372
-52
102
77
252
-313
-39
129
-10
79
23
292
-260
1000000
-344
-366
8
146
-377
-365
-76
341
-169
-375
208
-61
93
234
31
124
172
-180
-195
241
47
152
-243
142
-155
316
-216
-340
327
-203
-110
-220
224
-126
249
-129
267
-86
39
-255
-256
209
-172
138
-224
-90
329
108
128
129
322
-297
-277
-374
141
170
293
-80
332
-322
-233
-4
-48
1000000
-385
-145
246
7
-145
-261
-179
-43
26
-278
-245
-192
-247
101
87
-292
-80
-337
265
318
315
94
74
-40
-292
-58
148
112
125
-288
-183
-51
142
289
-224
-292
-324
-65
268
-268
-155
48
-26
-94
-204
-32
99
-1
295
-72
66
126
-47
81
-121
-183
54
-56
213
208
1000000
302
151
77
-305
-273
64
114
1000000
1
205
-299
165
-330
204
-52
-179
-24
266
-25
260
84
-153
177
-312
-108
152
-266
346
-151
-4
-25
86
23
-148
-62
185
316
-332
136
-133
-276
-136
-324
54
-69
-332
-300
-325
-251
-145
-17
181
-241
225
275
42
213
214
81
-136
-121
201
-60
-110
-363
77
56
-136
46
301
257
187
-229
309
-150
349
-37
-181
-243
-370
-110
-240
-198
-349
2
290
-252
137
-8
-64
-363
-214
-116
57
208
20
97
-88
194
271
-284
-51
200
223
-156
-1
78
181
294
-144
-365
168
-40
-26
103
-100
-71
199
208
353
-117
-178
57
238
-243
-14
73
131
48
332
-324
-269
9
80
-306
-109
9
256
-164
269
-293
10
-11
-82
226
-326
-86
140
218
283
-167
-65
-29
-7
-113
212
-275
-33
184
356
126
-148
30
173
-114
-298
35
50
168
-270
-201
105
168
-320
145
176
-81
-215
-267
-281
164
-380
-268
130
63
193
173
9
173
151
-106
197
-73
-330
168
-214
182
250
1
263
59
-262
225
272
-94
319
286
-36
-269
-300
-337
198
-372
316
110
-205
-34
-244
-290
-41
-258
-276
-361
-374
5
-187
-94
343
53
-79
188
241
-29
-290
-181
121
-242
93
318
-35
327
-115
196
12
-185
1000000
-62
17
-93
-53
283
-307
-60
-376
333
268
89
-43
-327
-129
272
-300
-352
-90
-377
-348
178
60
-111
-90
154
268
-185
186
268
-105
-4
-214
-318
288
-183
81
55
-76
-149
-12
177
-3
-314
117
-387
-217
-115
-10
302
80
-59
-15
-204
-149
-164
-67
-174
-91
-260
312
-110
332
95
-48
-173
23
-354
-116
98
145
-324
-286
-83
-231
204
205
-278
-284
332
244
-257
1000000
41
-42
22
-249
-315
-191
-217
-114
-58
120
-191
-344
24
-272
-62
80
-287
159
-370
-64
-331
230
-220
19
31
212
-131
-69
353
-359
-329
228
-188
-17
185
345
-144
-312
-218
49
148
-236
129
-238
-151
-86
-203
267
-118
-383
-29
-369
-330
-103
320
-109
45
9
155
-79
-223
-176
239
270
286
285
173
9
-115
-57
124
-234
-198
-180
56
69
-24
-216
-26
12
-70
52
-85
-67
129
99
-187
-103
-203
-99
259
-186
-178
-269
191
223
-249
-24
-147
-39
354
-296
-142
15
350
228
-210
74
338
-103
-176
-268
150
156
-162
272
300
205
-151
21
-197
-333
-245
225
227
236
240
58
-316
328
-55
213
-278
-163
-150
248
143
-233
353
75
-265
-15
-293
253
-298
-11
-177
174
67
89
-247
-332
-199
101
-65
-137
320
11
-116
-47
312
-66
-174
28
257
191
182
73
41
119
-63
-331
101
-153
31
70
-222
-88
57
263
91
115
160
143
-7
273
161
-284
-177
-343
-77
259
-268
-266
252
53
68
-345
-32
-220
344
46
-102
271
-124
-296
-289
113
273
252
110
154
191
-386
218
-19
41
137
-263
-147
-8
63
-321
-274
83
-164
168
-317
349
42
153
-371
304
226
-264
59
-97
-161
-78
268
-200
139
38
17
-56
-335
337
364
48
74
-375
1000000
-340
-129
-39
-175
220
-38
-330
-130
146
-62
-371
217
-338
-114
311
321
46
-14
-338
51
132
334
-28
-376
-177
-373
-309
-86
-380
-45
-125
-287
48
-79
106
-71
158
-96
-319
166
-169
-71
-124
-324
81
-313
213
361
320
114
149
209
310
-26
-315
270
-364
-187
1
162
-225
-329
8
-185
-322
332
9
-137
156
-390
85
-343
332
-168
-170
-259
-276
111
-189
309
-210
-299
-358
-137
56
34
-360
312
-310
295
6
-391
251
104
152
-265
141
170
46
-384
167
154
1000000
-71
-275
-273
32
-135
-311
286
-234
1000000
-175
232
-85
126
71
164
-85
141
-228
-141
-253
-100
309
-151
-154
10
-79
-176
-93
341
104
189
-146
-307
120
-349
235
170
313
-44
-220
-320
239
-110
66
238
-243
70
264
236
-127
100
197
139
-158
277
16
54
28
75
-206
-81
-381
8
-67
-297
-10
159
-22
234
115
178
-295
-385
47
-87
-121
154
-295
-384
337
1000000
151
-217
-309
-180
219
-297
-238
53
110
284
-81
-148
41
-218
-127
-269
-384
296
-150
-246
-187
-280
-361
236
192
-284
-257
249
3
265
-105
96
53
189
-192
157
56
13
-204
4
344
225
-227
-120
180
31
58
-342
-101
70
154
-111
-360
-343
-291
-274
-350
-21
290
